mode: atomic
github.com/keptn-sandbox/monaco-service/main.go:40.83,42.16 2 0
github.com/keptn-sandbox/monaco-service/main.go:46.2,46.12 1 0
github.com/keptn-sandbox/monaco-service/main.go:42.16,45.3 2 0
github.com/keptn-sandbox/monaco-service/main.go:54.81,63.16 6 0
github.com/keptn-sandbox/monaco-service/main.go:67.2,69.16 2 0
github.com/keptn-sandbox/monaco-service/main.go:131.2,131.22 1 0
github.com/keptn-sandbox/monaco-service/main.go:202.2,206.12 4 0
github.com/keptn-sandbox/monaco-service/main.go:63.16,65.3 1 0
github.com/keptn-sandbox/monaco-service/main.go:69.16,72.3 2 0
github.com/keptn-sandbox/monaco-service/main.go:133.74,139.76 4 0
github.com/keptn-sandbox/monaco-service/main.go:145.50,152.8 5 0
github.com/keptn-sandbox/monaco-service/main.go:216.13,218.52 2 0
github.com/keptn-sandbox/monaco-service/main.go:222.2,222.34 1 0
github.com/keptn-sandbox/monaco-service/main.go:218.52,220.3 1 0
github.com/keptn-sandbox/monaco-service/main.go:228.46,230.24 1 0
github.com/keptn-sandbox/monaco-service/main.go:235.2,248.16 8 0
github.com/keptn-sandbox/monaco-service/main.go:251.2,252.16 2 0
github.com/keptn-sandbox/monaco-service/main.go:256.2,259.10 3 0
github.com/keptn-sandbox/monaco-service/main.go:230.24,233.3 2 0
github.com/keptn-sandbox/monaco-service/main.go:248.16,250.3 1 0
github.com/keptn-sandbox/monaco-service/main.go:252.16,254.3 1 0
github.com/keptn-sandbox/monaco-service/eventhandlers.go:23.120,28.2 3 0
github.com/keptn-sandbox/monaco-service/eventhandlers.go:32.162,36.2 2 0
github.com/keptn-sandbox/monaco-service/eventhandlers.go:40.126,46.16 4 1
github.com/keptn-sandbox/monaco-service/eventhandlers.go:50.2,65.29 13 1
github.com/keptn-sandbox/monaco-service/eventhandlers.go:77.2,77.34 1 1
github.com/keptn-sandbox/monaco-service/eventhandlers.go:80.2,84.16 3 1
github.com/keptn-sandbox/monaco-service/eventhandlers.go:96.2,97.16 2 0
github.com/keptn-sandbox/monaco-service/eventhandlers.go:109.2,115.26 4 0
github.com/keptn-sandbox/monaco-service/eventhandlers.go:118.2,120.14 2 0
github.com/keptn-sandbox/monaco-service/eventhandlers.go:128.2,135.12 3 0
github.com/keptn-sandbox/monaco-service/eventhandlers.go:46.16,48.3 1 0
github.com/keptn-sandbox/monaco-service/eventhandlers.go:65.29,69.3 2 0
github.com/keptn-sandbox/monaco-service/eventhandlers.go:69.8,73.3 3 1
github.com/keptn-sandbox/monaco-service/eventhandlers.go:77.34,79.3 1 0
github.com/keptn-sandbox/monaco-service/eventhandlers.go:84.16,93.3 3 1
github.com/keptn-sandbox/monaco-service/eventhandlers.go:97.16,106.3 3 0
github.com/keptn-sandbox/monaco-service/eventhandlers.go:115.26,117.3 1 0
github.com/keptn-sandbox/monaco-service/eventhandlers.go:120.14,122.3 1 0
github.com/keptn-sandbox/monaco-service/eventhandlers.go:122.8,126.3 2 0
github.com/keptn-sandbox/monaco-service/eventhandlers.go:138.96,142.37 2 1
github.com/keptn-sandbox/monaco-service/eventhandlers.go:160.2,160.133 1 1
github.com/keptn-sandbox/monaco-service/eventhandlers.go:142.37,143.19 1 4
github.com/keptn-sandbox/monaco-service/eventhandlers.go:147.3,153.41 2 3
github.com/keptn-sandbox/monaco-service/eventhandlers.go:143.19,144.12 1 1
github.com/keptn-sandbox/monaco-service/eventhandlers.go:153.41,157.4 2 0
github.com/keptn-sandbox/monaco-service/eventhandlers.go:163.112,167.25 2 0
github.com/keptn-sandbox/monaco-service/eventhandlers.go:170.2,171.24 2 0
github.com/keptn-sandbox/monaco-service/eventhandlers.go:175.2,178.12 3 0
github.com/keptn-sandbox/monaco-service/eventhandlers.go:187.2,189.12 2 0
github.com/keptn-sandbox/monaco-service/eventhandlers.go:167.25,169.3 1 0
github.com/keptn-sandbox/monaco-service/eventhandlers.go:171.24,173.3 1 0
github.com/keptn-sandbox/monaco-service/eventhandlers.go:178.12,181.17 2 0
github.com/keptn-sandbox/monaco-service/eventhandlers.go:181.17,183.4 1 0
